c:\users\fotsi\documents\uqac\hiver-25\poo\projet1\projet1\x64\debug\vc143.pdb
c:\users\fotsi\documents\uqac\hiver-25\poo\projet1\projet1\x64\debug\vc143.idb
c:\users\fotsi\documents\uqac\hiver-25\poo\projet1\projet1\x64\debug\xbot.obj
c:\users\fotsi\documents\uqac\hiver-25\poo\projet1\projet1\x64\debug\x215.obj
c:\users\fotsi\documents\uqac\hiver-25\poo\projet1\projet1\x64\debug\x213.obj
c:\users\fotsi\documents\uqac\hiver-25\poo\projet1\projet1\x64\debug\x212.obj
c:\users\fotsi\documents\uqac\hiver-25\poo\projet1\projet1\x64\debug\w000.obj
c:\users\fotsi\documents\uqac\hiver-25\poo\projet1\projet1\x64\debug\testeurxbots.obj
c:\users\fotsi\documents\uqac\hiver-25\poo\projet1\projet1\x64\debug\r234.obj
c:\users\fotsi\documents\uqac\hiver-25\poo\projet1\projet1\x64\debug\projet1.obj
c:\users\fotsi\documents\uqac\hiver-25\poo\projet1\projet1\x64\debug\g990.obj
c:\users\fotsi\documents\uqac\hiver-25\poo\projet1\projet1\x64\debug\equipe.obj
c:\users\fotsi\documents\uqac\hiver-25\poo\projet1\projet1\x64\debug\compteur.obj
c:\users\fotsi\documents\uqac\hiver-25\poo\projet1\x64\debug\projet1.exe
c:\users\fotsi\documents\uqac\hiver-25\poo\projet1\x64\debug\projet1.pdb
c:\users\fotsi\documents\uqac\hiver-25\poo\projet1\projet1\x64\debug\projet1.ilk
c:\users\fotsi\documents\uqac\hiver-25\poo\projet1\projet1\x64\debug\projet1.tlog\cl.command.1.tlog
c:\users\fotsi\documents\uqac\hiver-25\poo\projet1\projet1\x64\debug\projet1.tlog\cl.items.tlog
c:\users\fotsi\documents\uqac\hiver-25\poo\projet1\projet1\x64\debug\projet1.tlog\cl.read.1.tlog
c:\users\fotsi\documents\uqac\hiver-25\poo\projet1\projet1\x64\debug\projet1.tlog\cl.write.1.tlog
c:\users\fotsi\documents\uqac\hiver-25\poo\projet1\projet1\x64\debug\projet1.tlog\link.command.1.tlog
c:\users\fotsi\documents\uqac\hiver-25\poo\projet1\projet1\x64\debug\projet1.tlog\link.read.1.tlog
c:\users\fotsi\documents\uqac\hiver-25\poo\projet1\projet1\x64\debug\projet1.tlog\link.secondary.1.tlog
c:\users\fotsi\documents\uqac\hiver-25\poo\projet1\projet1\x64\debug\projet1.tlog\link.write.1.tlog
